<?xml version="1.0" encoding="UTF-8"?>
<!-- Generated by org.testng.reporters.JUnitReportReporter -->
<testsuite hostname="mulamu" failures="0" tests="1" name="dockerContainers.ControlDockerSeleniumGrid" time="20.111" errors="0" timestamp="2021-06-16T14:41:10 CAT" skipped="0">
  <testcase classname="dockerContainers.ControlDockerSeleniumGrid" name="startDockerGrid" time="20.111"/>
  <system-out/>
</testsuite> <!-- dockerContainers.ControlDockerSeleniumGrid -->
