<?xml version="1.0" encoding="UTF-8"?>
<!-- Generated by org.testng.reporters.JUnitReportReporter -->
<testsuite hostname="mulamu" failures="0" tests="1" name="dockerContainers.DockerRunningOnFirefox_2" time="35.208" errors="0" timestamp="2021-10-28T17:31:14 CAT" skipped="0">
  <testcase classname="dockerContainers.DockerRunningOnFirefox_2" name="Test_2" time="35.208"/>
  <system-out/>
</testsuite> <!-- dockerContainers.DockerRunningOnFirefox_2 -->
